<?xml version="1.0" encoding="UTF-8"?>
<testsuite name="com.epam.esm.repository.CertificateRepositoryTest" tests="1" skipped="0" failures="0" errors="0" timestamp="2021-04-20T13:42:44" hostname="DESKTOP-ELV7FJ8" time="0.083">
  <properties/>
  <testcase name="testGetByNameShouldReturnOptionalCertificateWhenFound()" classname="com.epam.esm.repository.CertificateRepositoryTest" time="0.083"/>
  <system-out><![CDATA[]]></system-out>
  <system-err><![CDATA[SLF4J: Failed to load class "org.slf4j.impl.StaticLoggerBinder".
SLF4J: Defaulting to no-operation (NOP) logger implementation
SLF4J: See http://www.slf4j.org/codes.html#StaticLoggerBinder for further details.
]]></system-err>
</testsuite>
